[0406/161138.541:ERROR:process_memory_win.cc(73)] ReadMemory at 0x7ff75f4f0000 of 64 bytes failed: Запрос ReadProcessMemory или WriteProcessMemory был выполнен только частично. (0x12B)
[0406/161138.542:WARNING:pe_image_reader.cc(340)] could not read dos header from C:\Program Files (x86)\Google\Chrome\Application\chrome.exe
[0406/161138.542:ERROR:process_memory_win.cc(73)] ReadMemory at 0x7ffc1fd60000 of 64 bytes failed: Запрос ReadProcessMemory или WriteProcessMemory был выполнен только частично. (0x12B)
[0406/161138.542:WARNING:pe_image_reader.cc(340)] could not read dos header from C:\WINDOWS\SYSTEM32\ntdll.dll
[0406/161138.542:ERROR:process_memory_win.cc(73)] ReadMemory at 0x7ffc1e770000 of 64 bytes failed: Запрос ReadProcessMemory или WriteProcessMemory был выполнен только частично. (0x12B)
[0406/161138.542:WARNING:pe_image_reader.cc(340)] could not read dos header from C:\WINDOWS\System32\KERNEL32.dll
[0406/161138.542:ERROR:process_memory_win.cc(73)] ReadMemory at 0x7ffc1d940000 of 64 bytes failed: Запрос ReadProcessMemory или WriteProcessMemory был выполнен только частично. (0x12B)
[0406/161138.542:WARNING:pe_image_reader.cc(340)] could not read dos header from C:\WINDOWS\System32\KERNELBASE.dll
[0406/161138.542:ERROR:process_memory_win.cc(73)] ReadMemory at 0x7ffc15740000 of 64 bytes failed: Запрос ReadProcessMemory или WriteProcessMemory был выполнен только частично. (0x12B)
[0406/161138.542:WARNING:pe_image_reader.cc(340)] could not read dos header from C:\WINDOWS\SYSTEM32\version.dll
[0406/161138.542:ERROR:process_memory_win.cc(73)] ReadMemory at 0x7ffc1df40000 of 64 bytes failed: Запрос ReadProcessMemory или WriteProcessMemory был выполнен только частично. (0x12B)
[0406/161138.542:WARNING:pe_image_reader.cc(340)] could not read dos header from C:\WINDOWS\System32\msvcrt.dll
[0406/161138.542:ERROR:process_memory_win.cc(73)] ReadMemory at 0x7ffc0ef80000 of 64 bytes failed: Запрос ReadProcessMemory или WriteProcessMemory был выполнен только частично. (0x12B)
[0406/161138.542:WARNING:pe_image_reader.cc(340)] could not read dos header from C:\Program Files (x86)\Google\Chrome\Application\80.0.3987.163\chrome_elf.dll
[0406/161138.543:ERROR:process_memory_win.cc(73)] ReadMemory at 0x7ffc1d8c0000 of 64 bytes failed: Запрос ReadProcessMemory или WriteProcessMemory был выполнен только частично. (0x12B)
[0406/161138.543:WARNING:pe_image_reader.cc(340)] could not read dos header from C:\WINDOWS\System32\bcryptPrimitives.dll
[0406/161138.543:ERROR:process_memory_win.cc(73)] ReadMemory at 0x7ffc1de10000 of 64 bytes failed: Запрос ReadProcessMemory или WriteProcessMemory был выполнен только частично. (0x12B)
[0406/161138.543:WARNING:pe_image_reader.cc(340)] could not read dos header from C:\WINDOWS\System32\ADVAPI32.dll
[0406/161138.543:ERROR:process_memory_win.cc(73)] ReadMemory at 0x7ffc1dfe0000 of 64 bytes failed: Запрос ReadProcessMemory или WriteProcessMemory был выполнен только частично. (0x12B)
[0406/161138.543:WARNING:pe_image_reader.cc(340)] could not read dos header from C:\WINDOWS\System32\sechost.dll
[0406/161138.543:ERROR:process_memory_win.cc(73)] ReadMemory at 0x7ffc1eed0000 of 64 bytes failed: Запрос ReadProcessMemory или WriteProcessMemory был выполнен только частично. (0x12B)
[0406/161138.543:WARNING:pe_image_reader.cc(340)] could not read dos header from C:\WINDOWS\System32\RPCRT4.dll
[0406/161138.543:ERROR:process_memory_win.cc(73)] ReadMemory at 0x7ffbac3f0000 of 64 bytes failed: Запрос ReadProcessMemory или WriteProcessMemory был выполнен только частично. (0x12B)
[0406/161138.543:WARNING:pe_image_reader.cc(340)] could not read dos header from C:\Program Files (x86)\Google\Chrome\Application\80.0.3987.163\chrome.dll
[0406/161138.543:ERROR:process_memory_win.cc(73)] ReadMemory at 0x7ffc1f000000 of 64 bytes failed: Запрос ReadProcessMemory или WriteProcessMemory был выполнен только частично. (0x12B)
[0406/161138.543:WARNING:pe_image_reader.cc(340)] could not read dos header from C:\WINDOWS\System32\WS2_32.dll
[0406/161138.543:ERROR:process_memory_win.cc(73)] ReadMemory at 0x7ffc1f490000 of 64 bytes failed: Запрос ReadProcessMemory или WriteProcessMemory был выполнен только частично. (0x12B)
[0406/161138.543:WARNING:pe_image_reader.cc(340)] could not read dos header from C:\WINDOWS\System32\OLEAUT32.dll
[0406/161138.543:ERROR:process_memory_win.cc(73)] ReadMemory at 0x7ffc1dbf0000 of 64 bytes failed: Запрос ReadProcessMemory или WriteProcessMemory был выполнен только частично. (0x12B)
[0406/161138.543:WARNING:pe_image_reader.cc(340)] could not read dos header from C:\WINDOWS\System32\msvcp_win.dll
[0406/161138.543:ERROR:process_memory_win.cc(73)] ReadMemory at 0x7ffc1d7c0000 of 64 bytes failed: Запрос ReadProcessMemory или WriteProcessMemory был выполнен только частично. (0x12B)
[0406/161138.543:WARNING:pe_image_reader.cc(340)] could not read dos header from C:\WINDOWS\System32\ucrtbase.dll
[0406/161138.543:ERROR:process_memory_win.cc(73)] ReadMemory at 0x7ffc1eb90000 of 64 bytes failed: Запрос ReadProcessMemory или WriteProcessMemory был выполнен только частично. (0x12B)
[0406/161138.543:WARNING:pe_image_reader.cc(340)] could not read dos header from C:\WINDOWS\System32\combase.dll
[0406/161138.543:ERROR:process_memory_win.cc(73)] ReadMemory at 0x7ffc1d760000 of 64 bytes failed: Запрос ReadProcessMemory или WriteProcessMemory был выполнен только частично. (0x12B)
[0406/161138.543:WARNING:pe_image_reader.cc(340)] could not read dos header from C:\WINDOWS\System32\WINTRUST.dll
[0406/161138.543:ERROR:process_memory_win.cc(73)] ReadMemory at 0x7ffc1ccd0000 of 64 bytes failed: Запрос ReadProcessMemory или WriteProcessMemory был выполнен только частично. (0x12B)
[0406/161138.543:WARNING:pe_image_reader.cc(340)] could not read dos header from C:\WINDOWS\System32\MSASN1.dll
[0406/161138.543:ERROR:process_memory_win.cc(73)] ReadMemory at 0x7ffc1dc90000 of 64 bytes failed: Запрос ReadProcessMemory или WriteProcessMemory был выполнен только частично. (0x12B)
[0406/161138.543:WARNING:pe_image_reader.cc(340)] could not read dos header from C:\WINDOWS\System32\CRYPT32.dll
[0406/161138.543:ERROR:process_memory_win.cc(73)] ReadMemory at 0x7ffc1c140000 of 64 bytes failed: Запрос ReadProcessMemory или WriteProcessMemory был выполнен только частично. (0x12B)
[0406/161138.543:WARNING:pe_image_reader.cc(340)] could not read dos header from C:\WINDOWS\SYSTEM32\IPHLPAPI.DLL
[0406/161138.543:ERROR:process_memory_win.cc(73)] ReadMemory at 0x7ffc1ac70000 of 64 bytes failed: Запрос ReadProcessMemory или WriteProcessMemory был выполнен только частично. (0x12B)
[0406/161138.543:WARNING:pe_image_reader.cc(340)] could not read dos header from C:\WINDOWS\SYSTEM32\WINMM.dll
[0406/161138.543:ERROR:process_memory_win.cc(73)] ReadMemory at 0x7ffc13300000 of 64 bytes failed: Запрос ReadProcessMemory или WriteProcessMemory был выполнен только частично. (0x12B)
[0406/161138.543:WARNING:pe_image_reader.cc(340)] could not read dos header from C:\WINDOWS\SYSTEM32\Secur32.dll
[0406/161138.543:ERROR:process_memory_win.cc(73)] ReadMemory at 0x7ffc1cb40000 of 64 bytes failed: Запрос ReadProcessMemory или WriteProcessMemory был выполнен только частично. (0x12B)
[0406/161138.543:WARNING:pe_image_reader.cc(340)] could not read dos header from C:\WINDOWS\SYSTEM32\USERENV.dll
[0406/161138.544:ERROR:process_memory_win.cc(73)] ReadMemory at 0x7ffc1cc30000 of 64 bytes failed: Запрос ReadProcessMemory или WriteProcessMemory был выполнен только частично. (0x12B)
[0406/161138.544:WARNING:pe_image_reader.cc(340)] could not read dos header from C:\WINDOWS\System32\profapi.dll
[0406/161138.544:ERROR:process_memory_win.cc(73)] ReadMemory at 0x7ffbe7e20000 of 64 bytes failed: Запрос ReadProcessMemory или WriteProcessMemory был выполнен только частично. (0x12B)
[0406/161138.544:WARNING:pe_image_reader.cc(340)] could not read dos header from C:\WINDOWS\SYSTEM32\UIAutomationCore.DLL
[0406/161138.544:ERROR:process_memory_win.cc(73)] ReadMemory at 0x7ffc06ba0000 of 64 bytes failed: Запрос ReadProcessMemory или WriteProcessMemory был выполнен только частично. (0x12B)
[0406/161138.544:WARNING:pe_image_reader.cc(340)] could not read dos header from C:\WINDOWS\SYSTEM32\DWrite.dll
[0406/161138.544:ERROR:process_memory_win.cc(73)] ReadMemory at 0x7ffc04200000 of 64 bytes failed: Запрос ReadProcessMemory или WriteProcessMemory был выполнен только частично. (0x12B)
[0406/161138.544:WARNING:pe_image_reader.cc(340)] could not read dos header from C:\WINDOWS\SYSTEM32\WINSPOOL.DRV
[0406/161138.544:ERROR:process_memory_win.cc(73)] ReadMemory at 0x7ffc1ccb0000 of 64 bytes failed: Запрос ReadProcessMemory или WriteProcessMemory был выполнен только частично. (0x12B)
[0406/161138.544:WARNING:pe_image_reader.cc(340)] could not read dos header from C:\WINDOWS\System32\kernel.appcore.dll
[0406/161138.544:ERROR:process_memory_win.cc(73)] ReadMemory at 0x7ffc1dde0000 of 64 bytes failed: Запрос ReadProcessMemory или WriteProcessMemory был выполнен только частично. (0x12B)
[0406/161138.544:WARNING:pe_image_reader.cc(340)] could not read dos header from C:\WINDOWS\System32\bcrypt.dll
[0406/161138.544:ERROR:process_memory_win.cc(73)] ReadMemory at 0x7ffc15490000 of 64 bytes failed: Запрос ReadProcessMemory или WriteProcessMemory был выполнен только частично. (0x12B)
[0406/161138.544:WARNING:pe_image_reader.cc(340)] could not read dos header from C:\WINDOWS\SYSTEM32\dbghelp.dll
[0406/161138.544:ERROR:process_memory_win.cc(73)] ReadMemory at 0x7ffc143c0000 of 64 bytes failed: Запрос ReadProcessMemory или WriteProcessMemory был выполнен только частично. (0x12B)
[0406/161138.544:WARNING:pe_image_reader.cc(340)] could not read dos header from C:\WINDOWS\SYSTEM32\WINHTTP.dll
[0406/161138.544:ERROR:process_memory_win.cc(73)] ReadMemory at 0x7ffc16a40000 of 64 bytes failed: Запрос ReadProcessMemory или WriteProcessMemory был выполнен только частично. (0x12B)
[0406/161138.544:WARNING:pe_image_reader.cc(340)] could not read dos header from C:\WINDOWS\SYSTEM32\dhcpcsvc.DLL
[0406/161138.544:ERROR:process_memory_win.cc(73)] ReadMemory at 0x7ffc1eff0000 of 64 bytes failed: Запрос ReadProcessMemory или WriteProcessMemory был выполнен только частично. (0x12B)
[0406/161138.544:WARNING:pe_image_reader.cc(340)] could not read dos header from C:\WINDOWS\System32\NSI.dll
[0406/161138.544:ERROR:process_memory_win.cc(73)] ReadMemory at 0x7ffc1ab60000 of 64 bytes failed: Запрос ReadProcessMemory или WriteProcessMemory был выполнен только частично. (0x12B)
[0406/161138.544:WARNING:pe_image_reader.cc(340)] could not read dos header from C:\WINDOWS\SYSTEM32\WINMMBASE.dll
[0406/161138.544:ERROR:process_memory_win.cc(73)] ReadMemory at 0x7ffc1d630000 of 64 bytes failed: Запрос ReadProcessMemory или WriteProcessMemory был выполнен только частично. (0x12B)
[0406/161138.544:WARNING:pe_image_reader.cc(340)] could not read dos header from C:\WINDOWS\System32\cfgmgr32.dll
[0406/161138.544:ERROR:process_memory_win.cc(73)] ReadMemory at 0x7ffc19600000 of 64 bytes failed: Запрос ReadProcessMemory или WriteProcessMemory был выполнен только частично. (0x12B)
[0406/161138.544:WARNING:pe_image_reader.cc(340)] could not read dos header from C:\WINDOWS\SYSTEM32\PROPSYS.dll
[0406/161138.544:ERROR:process_memory_win.cc(73)] ReadMemory at 0x7ffc1fa30000 of 64 bytes failed: Запрос ReadProcessMemory или WriteProcessMemory был выполнен только частично. (0x12B)
[0406/161138.544:WARNING:pe_image_reader.cc(340)] could not read dos header from C:\WINDOWS\System32\shcore.dll
[0406/161138.544:ERROR:process_memory_win.cc(73)] ReadMemory at 0x7ffc1cb10000 of 64 bytes failed: Запрос ReadProcessMemory или WriteProcessMemory был выполнен только частично. (0x12B)
[0406/161138.544:WARNING:pe_image_reader.cc(340)] could not read dos header from C:\WINDOWS\SYSTEM32\SSPICLI.DLL
[0406/161138.544:ERROR:process_memory_win.cc(73)] ReadMemory at 0x7ffc1e080000 of 64 bytes failed: Запрос ReadProcessMemory или WriteProcessMemory был выполнен только частично. (0x12B)
[0406/161138.544:WARNING:pe_image_reader.cc(340)] could not read dos header from C:\WINDOWS\System32\SHELL32.dll
[0406/161138.545:ERROR:process_memory_win.cc(73)] ReadMemory at 0x7ffc1ceb0000 of 64 bytes failed: Запрос ReadProcessMemory или WriteProcessMemory был выполнен только частично. (0x12B)
[0406/161138.545:WARNING:pe_image_reader.cc(340)] could not read dos header from C:\WINDOWS\System32\windows.storage.dll
[0406/161138.545:ERROR:process_memory_win.cc(73)] ReadMemory at 0x7ffc1cc60000 of 64 bytes failed: Запрос ReadProcessMemory или WriteProcessMemory был выполнен только частично. (0x12B)
[0406/161138.545:WARNING:pe_image_reader.cc(340)] could not read dos header from C:\WINDOWS\System32\powrprof.dll
[0406/161138.545:ERROR:process_memory_win.cc(73)] ReadMemory at 0x7ffc1cc20000 of 64 bytes failed: Запрос ReadProcessMemory или WriteProcessMemory был выполнен только частично. (0x12B)
[0406/161138.545:WARNING:pe_image_reader.cc(340)] could not read dos header from C:\WINDOWS\System32\UMPDC.dll
[0406/161138.545:ERROR:process_memory_win.cc(73)] ReadMemory at 0x7ffc1e9d0000 of 64 bytes failed: Запрос ReadProcessMemory или WriteProcessMemory был выполнен только частично. (0x12B)
[0406/161138.545:WARNING:pe_image_reader.cc(340)] could not read dos header from C:\WINDOWS\System32\shlwapi.dll
[0406/161138.545:ERROR:process_memory_win.cc(73)] ReadMemory at 0x7ffc1f590000 of 64 bytes failed: Запрос ReadProcessMemory или WriteProcessMemory был выполнен только частично. (0x12B)
[0406/161138.545:WARNING:pe_image_reader.cc(340)] could not read dos header from C:\WINDOWS\System32\GDI32.dll
[0406/161138.545:ERROR:process_memory_win.cc(73)] ReadMemory at 0x7ffc1d730000 of 64 bytes failed: Запрос ReadProcessMemory или WriteProcessMemory был выполнен только частично. (0x12B)
[0406/161138.545:WARNING:pe_image_reader.cc(340)] could not read dos header from C:\WINDOWS\System32\win32u.dll
[0406/161138.545:ERROR:process_memory_win.cc(73)] ReadMemory at 0x7ffc1ccf0000 of 64 bytes failed: Запрос ReadProcessMemory или WriteProcessMemory был выполнен только частично. (0x12B)
[0406/161138.545:WARNING:pe_image_reader.cc(340)] could not read dos header from C:\WINDOWS\System32\gdi32full.dll
[0406/161138.545:ERROR:process_memory_win.cc(73)] ReadMemory at 0x20b76f80000 of 64 bytes failed: Запрос ReadProcessMemory или WriteProcessMemory был выполнен только частично. (0x12B)
[0406/161138.545:WARNING:pe_image_reader.cc(340)] could not read dos header from C:\WINDOWS\System32\USER32.dll
[0406/161138.545:ERROR:process_memory_win.cc(73)] ReadMemory at 0x7ffc1ce90000 of 64 bytes failed: Запрос ReadProcessMemory или WriteProcessMemory был выполнен только частично. (0x12B)
[0406/161138.545:WARNING:pe_image_reader.cc(340)] could not read dos header from C:\WINDOWS\System32\cryptsp.dll
[0406/161138.545:ERROR:process_memory_win.cc(73)] ReadMemory at 0x7ffc1f560000 of 64 bytes failed: Запрос ReadProcessMemory или WriteProcessMemory был выполнен только частично. (0x12B)
[0406/161138.545:WARNING:pe_image_reader.cc(340)] could not read dos header from C:\WINDOWS\System32\IMM32.DLL
[0406/161138.545:ERROR:process_memory_win.cc(73)] ReadMemory at 0x7ffc1c600000 of 64 bytes failed: Запрос ReadProcessMemory или WriteProcessMemory был выполнен только частично. (0x12B)
[0406/161138.545:WARNING:pe_image_reader.cc(340)] could not read dos header from C:\WINDOWS\SYSTEM32\CRYPTBASE.DLL
[0406/161138.545:ERROR:process_memory_win.cc(73)] ReadMemory at 0x7ff75f4f0000 of 64 bytes failed: Запрос ReadProcessMemory или WriteProcessMemory был выполнен только частично. (0x12B)
[0406/161138.545:WARNING:pe_image_reader.cc(340)] could not read dos header from C:\Program Files (x86)\Google\Chrome\Application\chrome.exe
[0406/161138.545:ERROR:process_memory_win.cc(73)] ReadMemory at 0x7ffc1fd60000 of 64 bytes failed: Запрос ReadProcessMemory или WriteProcessMemory был выполнен только частично. (0x12B)
[0406/161138.545:WARNING:pe_image_reader.cc(340)] could not read dos header from C:\WINDOWS\SYSTEM32\ntdll.dll
[0406/161138.545:ERROR:process_memory_win.cc(73)] ReadMemory at 0x7ffc1e770000 of 64 bytes failed: Запрос ReadProcessMemory или WriteProcessMemory был выполнен только частично. (0x12B)
[0406/161138.545:WARNING:pe_image_reader.cc(340)] could not read dos header from C:\WINDOWS\System32\KERNEL32.dll
[0406/161138.545:ERROR:process_memory_win.cc(73)] ReadMemory at 0x7ffc1d940000 of 64 bytes failed: Запрос ReadProcessMemory или WriteProcessMemory был выполнен только частично. (0x12B)
[0406/161138.545:WARNING:pe_image_reader.cc(340)] could not read dos header from C:\WINDOWS\System32\KERNELBASE.dll
[0406/161138.545:ERROR:process_memory_win.cc(73)] ReadMemory at 0x7ffc15740000 of 64 bytes failed: Запрос ReadProcessMemory или WriteProcessMemory был выполнен только частично. (0x12B)
[0406/161138.545:WARNING:pe_image_reader.cc(340)] could not read dos header from C:\WINDOWS\SYSTEM32\version.dll
[0406/161138.545:ERROR:process_memory_win.cc(73)] ReadMemory at 0x7ffc1df40000 of 64 bytes failed: Запрос ReadProcessMemory или WriteProcessMemory был выполнен только частично. (0x12B)
[0406/161138.546:WARNING:pe_image_reader.cc(340)] could not read dos header from C:\WINDOWS\System32\msvcrt.dll
[0406/161138.546:ERROR:process_memory_win.cc(73)] ReadMemory at 0x7ffc0ef80000 of 64 bytes failed: Запрос ReadProcessMemory или WriteProcessMemory был выполнен только частично. (0x12B)
[0406/161138.546:WARNING:pe_image_reader.cc(340)] could not read dos header from C:\Program Files (x86)\Google\Chrome\Application\80.0.3987.163\chrome_elf.dll
[0406/161138.546:ERROR:process_memory_win.cc(73)] ReadMemory at 0x7ffc1d8c0000 of 64 bytes failed: Запрос ReadProcessMemory или WriteProcessMemory был выполнен только частично. (0x12B)
[0406/161138.546:WARNING:pe_image_reader.cc(340)] could not read dos header from C:\WINDOWS\System32\bcryptPrimitives.dll
[0406/161138.546:ERROR:process_memory_win.cc(73)] ReadMemory at 0x7ffc1de10000 of 64 bytes failed: Запрос ReadProcessMemory или WriteProcessMemory был выполнен только частично. (0x12B)
[0406/161138.546:WARNING:pe_image_reader.cc(340)] could not read dos header from C:\WINDOWS\System32\ADVAPI32.dll
[0406/161138.546:ERROR:process_memory_win.cc(73)] ReadMemory at 0x7ffc1dfe0000 of 64 bytes failed: Запрос ReadProcessMemory или WriteProcessMemory был выполнен только частично. (0x12B)
[0406/161138.546:WARNING:pe_image_reader.cc(340)] could not read dos header from C:\WINDOWS\System32\sechost.dll
[0406/161138.546:ERROR:process_memory_win.cc(73)] ReadMemory at 0x7ffc1eed0000 of 64 bytes failed: Запрос ReadProcessMemory или WriteProcessMemory был выполнен только частично. (0x12B)
[0406/161138.546:WARNING:pe_image_reader.cc(340)] could not read dos header from C:\WINDOWS\System32\RPCRT4.dll
[0406/161138.546:ERROR:process_memory_win.cc(73)] ReadMemory at 0x7ffbac3f0000 of 64 bytes failed: Запрос ReadProcessMemory или WriteProcessMemory был выполнен только частично. (0x12B)
[0406/161138.546:WARNING:pe_image_reader.cc(340)] could not read dos header from C:\Program Files (x86)\Google\Chrome\Application\80.0.3987.163\chrome.dll
[0406/161138.546:ERROR:process_memory_win.cc(73)] ReadMemory at 0x7ffc1f000000 of 64 bytes failed: Запрос ReadProcessMemory или WriteProcessMemory был выполнен только частично. (0x12B)
[0406/161138.546:WARNING:pe_image_reader.cc(340)] could not read dos header from C:\WINDOWS\System32\WS2_32.dll
[0406/161138.546:ERROR:process_memory_win.cc(73)] ReadMemory at 0x7ffc1f490000 of 64 bytes failed: Запрос ReadProcessMemory или WriteProcessMemory был выполнен только частично. (0x12B)
[0406/161138.546:WARNING:pe_image_reader.cc(340)] could not read dos header from C:\WINDOWS\System32\OLEAUT32.dll
[0406/161138.546:ERROR:process_memory_win.cc(73)] ReadMemory at 0x7ffc1dbf0000 of 64 bytes failed: Запрос ReadProcessMemory или WriteProcessMemory был выполнен только частично. (0x12B)
[0406/161138.546:WARNING:pe_image_reader.cc(340)] could not read dos header from C:\WINDOWS\System32\msvcp_win.dll
[0406/161138.546:ERROR:process_memory_win.cc(73)] ReadMemory at 0x7ffc1d7c0000 of 64 bytes failed: Запрос ReadProcessMemory или WriteProcessMemory был выполнен только частично. (0x12B)
[0406/161138.546:WARNING:pe_image_reader.cc(340)] could not read dos header from C:\WINDOWS\System32\ucrtbase.dll
[0406/161138.546:ERROR:process_memory_win.cc(73)] ReadMemory at 0x7ffc1eb90000 of 64 bytes failed: Запрос ReadProcessMemory или WriteProcessMemory был выполнен только частично. (0x12B)
[0406/161138.546:WARNING:pe_image_reader.cc(340)] could not read dos header from C:\WINDOWS\System32\combase.dll
[0406/161138.546:ERROR:process_memory_win.cc(73)] ReadMemory at 0x7ffc1d760000 of 64 bytes failed: Запрос ReadProcessMemory или WriteProcessMemory был выполнен только частично. (0x12B)
[0406/161138.546:WARNING:pe_image_reader.cc(340)] could not read dos header from C:\WINDOWS\System32\WINTRUST.dll
[0406/161138.546:ERROR:process_memory_win.cc(73)] ReadMemory at 0x7ffc1ccd0000 of 64 bytes failed: Запрос ReadProcessMemory или WriteProcessMemory был выполнен только частично. (0x12B)
[0406/161138.546:WARNING:pe_image_reader.cc(340)] could not read dos header from C:\WINDOWS\System32\MSASN1.dll
[0406/161138.546:ERROR:process_memory_win.cc(73)] ReadMemory at 0x7ffc1dc90000 of 64 bytes failed: Запрос ReadProcessMemory или WriteProcessMemory был выполнен только частично. (0x12B)
[0406/161138.546:WARNING:pe_image_reader.cc(340)] could not read dos header from C:\WINDOWS\System32\CRYPT32.dll
[0406/161138.546:ERROR:process_memory_win.cc(73)] ReadMemory at 0x7ffc1c140000 of 64 bytes failed: Запрос ReadProcessMemory или WriteProcessMemory был выполнен только частично. (0x12B)
[0406/161138.546:WARNING:pe_image_reader.cc(340)] could not read dos header from C:\WINDOWS\SYSTEM32\IPHLPAPI.DLL
[0406/161138.546:ERROR:process_memory_win.cc(73)] ReadMemory at 0x7ffc1ac70000 of 64 bytes failed: Запрос ReadProcessMemory или WriteProcessMemory был выполнен только частично. (0x12B)
[0406/161138.546:WARNING:pe_image_reader.cc(340)] could not read dos header from C:\WINDOWS\SYSTEM32\WINMM.dll
[0406/161138.546:ERROR:process_memory_win.cc(73)] ReadMemory at 0x7ffc13300000 of 64 bytes failed: Запрос ReadProcessMemory или WriteProcessMemory был выполнен только частично. (0x12B)
[0406/161138.547:WARNING:pe_image_reader.cc(340)] could not read dos header from C:\WINDOWS\SYSTEM32\Secur32.dll
[0406/161138.547:ERROR:process_memory_win.cc(73)] ReadMemory at 0x7ffc1cb40000 of 64 bytes failed: Запрос ReadProcessMemory или WriteProcessMemory был выполнен только частично. (0x12B)
[0406/161138.547:WARNING:pe_image_reader.cc(340)] could not read dos header from C:\WINDOWS\SYSTEM32\USERENV.dll
[0406/161138.547:ERROR:process_memory_win.cc(73)] ReadMemory at 0x7ffc1cc30000 of 64 bytes failed: Запрос ReadProcessMemory или WriteProcessMemory был выполнен только частично. (0x12B)
[0406/161138.547:WARNING:pe_image_reader.cc(340)] could not read dos header from C:\WINDOWS\System32\profapi.dll
[0406/161138.547:ERROR:process_memory_win.cc(73)] ReadMemory at 0x7ffbe7e20000 of 64 bytes failed: Запрос ReadProcessMemory или WriteProcessMemory был выполнен только частично. (0x12B)
[0406/161138.547:WARNING:pe_image_reader.cc(340)] could not read dos header from C:\WINDOWS\SYSTEM32\UIAutomationCore.DLL
[0406/161138.547:ERROR:process_memory_win.cc(73)] ReadMemory at 0x7ffc06ba0000 of 64 bytes failed: Запрос ReadProcessMemory или WriteProcessMemory был выполнен только частично. (0x12B)
[0406/161138.547:WARNING:pe_image_reader.cc(340)] could not read dos header from C:\WINDOWS\SYSTEM32\DWrite.dll
[0406/161138.547:ERROR:process_memory_win.cc(73)] ReadMemory at 0x7ffc04200000 of 64 bytes failed: Запрос ReadProcessMemory или WriteProcessMemory был выполнен только частично. (0x12B)
[0406/161138.547:WARNING:pe_image_reader.cc(340)] could not read dos header from C:\WINDOWS\SYSTEM32\WINSPOOL.DRV
[0406/161138.547:ERROR:process_memory_win.cc(73)] ReadMemory at 0x7ffc1ccb0000 of 64 bytes failed: Запрос ReadProcessMemory или WriteProcessMemory был выполнен только частично. (0x12B)
[0406/161138.547:WARNING:pe_image_reader.cc(340)] could not read dos header from C:\WINDOWS\System32\kernel.appcore.dll
[0406/161138.547:ERROR:process_memory_win.cc(73)] ReadMemory at 0x7ffc1dde0000 of 64 bytes failed: Запрос ReadProcessMemory или WriteProcessMemory был выполнен только частично. (0x12B)
[0406/161138.547:WARNING:pe_image_reader.cc(340)] could not read dos header from C:\WINDOWS\System32\bcrypt.dll
[0406/161138.547:ERROR:process_memory_win.cc(73)] ReadMemory at 0x7ffc15490000 of 64 bytes failed: Запрос ReadProcessMemory или WriteProcessMemory был выполнен только частично. (0x12B)
[0406/161138.547:WARNING:pe_image_reader.cc(340)] could not read dos header from C:\WINDOWS\SYSTEM32\dbghelp.dll
[0406/161138.547:ERROR:process_memory_win.cc(73)] ReadMemory at 0x7ffc143c0000 of 64 bytes failed: Запрос ReadProcessMemory или WriteProcessMemory был выполнен только частично. (0x12B)
[0406/161138.547:WARNING:pe_image_reader.cc(340)] could not read dos header from C:\WINDOWS\SYSTEM32\WINHTTP.dll
[0406/161138.547:ERROR:process_memory_win.cc(73)] ReadMemory at 0x7ffc16a40000 of 64 bytes failed: Запрос ReadProcessMemory или WriteProcessMemory был выполнен только частично. (0x12B)
[0406/161138.547:WARNING:pe_image_reader.cc(340)] could not read dos header from C:\WINDOWS\SYSTEM32\dhcpcsvc.DLL
[0406/161138.547:ERROR:process_memory_win.cc(73)] ReadMemory at 0x7ffc1eff0000 of 64 bytes failed: Запрос ReadProcessMemory или WriteProcessMemory был выполнен только частично. (0x12B)
[0406/161138.547:WARNING:pe_image_reader.cc(340)] could not read dos header from C:\WINDOWS\System32\NSI.dll
[0406/161138.547:ERROR:process_memory_win.cc(73)] ReadMemory at 0x7ffc1ab60000 of 64 bytes failed: Запрос ReadProcessMemory или WriteProcessMemory был выполнен только частично. (0x12B)
[0406/161138.547:WARNING:pe_image_reader.cc(340)] could not read dos header from C:\WINDOWS\SYSTEM32\WINMMBASE.dll
[0406/161138.547:ERROR:process_memory_win.cc(73)] ReadMemory at 0x7ffc1d630000 of 64 bytes failed: Запрос ReadProcessMemory или WriteProcessMemory был выполнен только частично. (0x12B)
[0406/161138.547:WARNING:pe_image_reader.cc(340)] could not read dos header from C:\WINDOWS\System32\cfgmgr32.dll
[0406/161138.547:ERROR:process_memory_win.cc(73)] ReadMemory at 0x7ffc19600000 of 64 bytes failed: Запрос ReadProcessMemory или WriteProcessMemory был выполнен только частично. (0x12B)
[0406/161138.547:WARNING:pe_image_reader.cc(340)] could not read dos header from C:\WINDOWS\SYSTEM32\PROPSYS.dll
[0406/161138.547:ERROR:process_memory_win.cc(73)] ReadMemory at 0x7ffc1fa30000 of 64 bytes failed: Запрос ReadProcessMemory или WriteProcessMemory был выполнен только частично. (0x12B)
[0406/161138.547:WARNING:pe_image_reader.cc(340)] could not read dos header from C:\WINDOWS\System32\shcore.dll
[0406/161138.547:ERROR:process_memory_win.cc(73)] ReadMemory at 0x7ffc1cb10000 of 64 bytes failed: Запрос ReadProcessMemory или WriteProcessMemory был выполнен только частично. (0x12B)
[0406/161138.547:WARNING:pe_image_reader.cc(340)] could not read dos header from C:\WINDOWS\SYSTEM32\SSPICLI.DLL
[0406/161138.547:ERROR:process_memory_win.cc(73)] ReadMemory at 0x7ffc1e080000 of 64 bytes failed: Запрос ReadProcessMemory или WriteProcessMemory был выполнен только частично. (0x12B)
[0406/161138.548:WARNING:pe_image_reader.cc(340)] could not read dos header from C:\WINDOWS\System32\SHELL32.dll
[0406/161138.548:ERROR:process_memory_win.cc(73)] ReadMemory at 0x7ffc1ceb0000 of 64 bytes failed: Запрос ReadProcessMemory или WriteProcessMemory был выполнен только частично. (0x12B)
[0406/161138.548:WARNING:pe_image_reader.cc(340)] could not read dos header from C:\WINDOWS\System32\windows.storage.dll
[0406/161138.548:ERROR:process_memory_win.cc(73)] ReadMemory at 0x7ffc1cc60000 of 64 bytes failed: Запрос ReadProcessMemory или WriteProcessMemory был выполнен только частично. (0x12B)
[0406/161138.548:WARNING:pe_image_reader.cc(340)] could not read dos header from C:\WINDOWS\System32\powrprof.dll
[0406/161138.548:ERROR:process_memory_win.cc(73)] ReadMemory at 0x7ffc1cc20000 of 64 bytes failed: Запрос ReadProcessMemory или WriteProcessMemory был выполнен только частично. (0x12B)
[0406/161138.548:WARNING:pe_image_reader.cc(340)] could not read dos header from C:\WINDOWS\System32\UMPDC.dll
[0406/161138.548:ERROR:process_memory_win.cc(73)] ReadMemory at 0x7ffc1e9d0000 of 64 bytes failed: Запрос ReadProcessMemory или WriteProcessMemory был выполнен только частично. (0x12B)
[0406/161138.548:WARNING:pe_image_reader.cc(340)] could not read dos header from C:\WINDOWS\System32\shlwapi.dll
[0406/161138.548:ERROR:process_memory_win.cc(73)] ReadMemory at 0x7ffc1f590000 of 64 bytes failed: Запрос ReadProcessMemory или WriteProcessMemory был выполнен только частично. (0x12B)
[0406/161138.548:WARNING:pe_image_reader.cc(340)] could not read dos header from C:\WINDOWS\System32\GDI32.dll
[0406/161138.548:ERROR:process_memory_win.cc(73)] ReadMemory at 0x7ffc1d730000 of 64 bytes failed: Запрос ReadProcessMemory или WriteProcessMemory был выполнен только частично. (0x12B)
[0406/161138.548:WARNING:pe_image_reader.cc(340)] could not read dos header from C:\WINDOWS\System32\win32u.dll
[0406/161138.548:ERROR:process_memory_win.cc(73)] ReadMemory at 0x7ffc1ccf0000 of 64 bytes failed: Запрос ReadProcessMemory или WriteProcessMemory был выполнен только частично. (0x12B)
[0406/161138.548:WARNING:pe_image_reader.cc(340)] could not read dos header from C:\WINDOWS\System32\gdi32full.dll
[0406/161138.548:ERROR:process_memory_win.cc(73)] ReadMemory at 0x20b76f80000 of 64 bytes failed: Запрос ReadProcessMemory или WriteProcessMemory был выполнен только частично. (0x12B)
[0406/161138.548:WARNING:pe_image_reader.cc(340)] could not read dos header from C:\WINDOWS\System32\USER32.dll
[0406/161138.548:ERROR:process_memory_win.cc(73)] ReadMemory at 0x7ffc1ce90000 of 64 bytes failed: Запрос ReadProcessMemory или WriteProcessMemory был выполнен только частично. (0x12B)
[0406/161138.548:WARNING:pe_image_reader.cc(340)] could not read dos header from C:\WINDOWS\System32\cryptsp.dll
[0406/161138.548:ERROR:process_memory_win.cc(73)] ReadMemory at 0x7ffc1f560000 of 64 bytes failed: Запрос ReadProcessMemory или WriteProcessMemory был выполнен только частично. (0x12B)
[0406/161138.548:WARNING:pe_image_reader.cc(340)] could not read dos header from C:\WINDOWS\System32\IMM32.DLL
[0406/161138.548:ERROR:process_memory_win.cc(73)] ReadMemory at 0x7ffc1c600000 of 64 bytes failed: Запрос ReadProcessMemory или WriteProcessMemory был выполнен только частично. (0x12B)
[0406/161138.548:WARNING:pe_image_reader.cc(340)] could not read dos header from C:\WINDOWS\SYSTEM32\CRYPTBASE.DLL
[0406/161138.565:ERROR:process_memory_win.cc(73)] ReadMemory at 0x2085fe4000 of 114688 bytes failed: Запрос ReadProcessMemory или WriteProcessMemory был выполнен только частично. (0x12B)
[0406/161138.566:ERROR:process_memory_win.cc(73)] ReadMemory at 0x20867fd000 of 12288 bytes failed: Запрос ReadProcessMemory или WriteProcessMemory был выполнен только частично. (0x12B)
[0406/161138.566:ERROR:process_memory_win.cc(73)] ReadMemory at 0x2086ff7000 of 36864 bytes failed: Запрос ReadProcessMemory или WriteProcessMemory был выполнен только частично. (0x12B)
[0406/161138.566:ERROR:process_memory_win.cc(73)] ReadMemory at 0x20877fd000 of 12288 bytes failed: Запрос ReadProcessMemory или WriteProcessMemory был выполнен только частично. (0x12B)
[0406/161138.566:ERROR:process_memory_win.cc(73)] ReadMemory at 0x2087ffb000 of 20480 bytes failed: Запрос ReadProcessMemory или WriteProcessMemory был выполнен только частично. (0x12B)
[0406/161138.566:ERROR:process_memory_win.cc(73)] ReadMemory at 0x20887ff000 of 4096 bytes failed: Запрос ReadProcessMemory или WriteProcessMemory был выполнен только частично. (0x12B)
[0406/161138.566:ERROR:process_memory_win.cc(73)] ReadMemory at 0x2088ffd000 of 12288 bytes failed: Запрос ReadProcessMemory или WriteProcessMemory был выполнен только частично. (0x12B)
[0406/161138.566:ERROR:process_memory_win.cc(73)] ReadMemory at 0x20897fb000 of 20480 bytes failed: Запрос ReadProcessMemory или WriteProcessMemory был выполнен только частично. (0x12B)
[0406/161138.566:ERROR:process_memory_win.cc(73)] ReadMemory at 0x2089ffc000 of 16384 bytes failed: Запрос ReadProcessMemory или WriteProcessMemory был выполнен только частично. (0x12B)
[0406/161138.566:ERROR:process_memory_win.cc(73)] ReadMemory at 0x208a7f6000 of 40960 bytes failed: Запрос ReadProcessMemory или WriteProcessMemory был выполнен только частично. (0x12B)
[0406/161138.566:ERROR:process_memory_win.cc(73)] ReadMemory at 0x208aff5000 of 45056 bytes failed: Запрос ReadProcessMemory или WriteProcessMemory был выполнен только частично. (0x12B)
[0406/161138.566:ERROR:process_memory_win.cc(73)] ReadMemory at 0x208b7fd000 of 12288 bytes failed: Запрос ReadProcessMemory или WriteProcessMemory был выполнен только частично. (0x12B)
[0406/161138.566:ERROR:process_memory_win.cc(73)] ReadMemory at 0x208bffd000 of 12288 bytes failed: Запрос ReadProcessMemory или WriteProcessMemory был выполнен только частично. (0x12B)
[0406/161138.566:ERROR:process_memory_win.cc(73)] ReadMemory at 0x208c7f6000 of 40960 bytes failed: Запрос ReadProcessMemory или WriteProcessMemory был выполнен только частично. (0x12B)
[0406/161138.567:ERROR:process_memory_win.cc(73)] ReadMemory at 0x208cffe000 of 8192 bytes failed: Запрос ReadProcessMemory или WriteProcessMemory был выполнен только частично. (0x12B)
[0406/161138.567:ERROR:process_memory_win.cc(73)] ReadMemory at 0x208d7f9000 of 28672 bytes failed: Запрос ReadProcessMemory или WriteProcessMemory был выполнен только частично. (0x12B)
[0406/161138.567:ERROR:process_memory_win.cc(73)] ReadMemory at 0x208dffc000 of 16384 bytes failed: Запрос ReadProcessMemory или WriteProcessMemory был выполнен только частично. (0x12B)
[0406/161138.567:ERROR:process_memory_win.cc(73)] ReadMemory at 0x208e7fc000 of 16384 bytes failed: Запрос ReadProcessMemory или WriteProcessMemory был выполнен только частично. (0x12B)
[0406/161138.567:ERROR:process_memory_win.cc(73)] ReadMemory at 0x208effb000 of 20480 bytes failed: Запрос ReadProcessMemory или WriteProcessMemory был выполнен только частично. (0x12B)
[0406/161138.567:ERROR:process_memory_win.cc(73)] ReadMemory at 0x20907fc000 of 16384 bytes failed: Запрос ReadProcessMemory или WriteProcessMemory был выполнен только частично. (0x12B)
[0406/161138.567:ERROR:process_memory_win.cc(73)] ReadMemory at 0x208572e000 of 852 bytes failed: Запрос ReadProcessMemory или WriteProcessMemory был выполнен только частично. (0x12B)
[0406/161138.567:ERROR:process_memory_win.cc(73)] ReadMemory at 0x208572f000 of 6024 bytes failed: Запрос ReadProcessMemory или WriteProcessMemory был выполнен только частично. (0x12B)
[0406/161138.567:ERROR:process_memory_win.cc(73)] ReadMemory at 0x2085731000 of 6024 bytes failed: Запрос ReadProcessMemory или WriteProcessMemory был выполнен только частично. (0x12B)
[0406/161138.567:ERROR:process_memory_win.cc(73)] ReadMemory at 0x2085733000 of 6024 bytes failed: Запрос ReadProcessMemory или WriteProcessMemory был выполнен только частично. (0x12B)
[0406/161138.567:ERROR:process_memory_win.cc(73)] ReadMemory at 0x2085735000 of 6024 bytes failed: Запрос ReadProcessMemory или WriteProcessMemory был выполнен только частично. (0x12B)
[0406/161138.567:ERROR:process_memory_win.cc(73)] ReadMemory at 0x2085737000 of 6024 bytes failed: Запрос ReadProcessMemory или WriteProcessMemory был выполнен только частично. (0x12B)
[0406/161138.567:ERROR:process_memory_win.cc(73)] ReadMemory at 0x2085739000 of 6024 bytes failed: Запрос ReadProcessMemory или WriteProcessMemory был выполнен только частично. (0x12B)
[0406/161138.568:ERROR:process_memory_win.cc(73)] ReadMemory at 0x208573b000 of 6024 bytes failed: Запрос ReadProcessMemory или WriteProcessMemory был выполнен только частично. (0x12B)
[0406/161138.568:ERROR:process_memory_win.cc(73)] ReadMemory at 0x208573d000 of 6024 bytes failed: Запрос ReadProcessMemory или WriteProcessMemory был выполнен только частично. (0x12B)
[0406/161138.568:ERROR:process_memory_win.cc(73)] ReadMemory at 0x208573f000 of 6024 bytes failed: Запрос ReadProcessMemory или WriteProcessMemory был выполнен только частично. (0x12B)
[0406/161138.568:ERROR:process_memory_win.cc(73)] ReadMemory at 0x2085741000 of 6024 bytes failed: Запрос ReadProcessMemory или WriteProcessMemory был выполнен только частично. (0x12B)
[0406/161138.568:ERROR:process_memory_win.cc(73)] ReadMemory at 0x2085743000 of 6024 bytes failed: Запрос ReadProcessMemory или WriteProcessMemory был выполнен только частично. (0x12B)
[0406/161138.568:ERROR:process_memory_win.cc(73)] ReadMemory at 0x2085745000 of 6024 bytes failed: Запрос ReadProcessMemory или WriteProcessMemory был выполнен только частично. (0x12B)
[0406/161138.568:ERROR:process_memory_win.cc(73)] ReadMemory at 0x2085747000 of 6024 bytes failed: Запрос ReadProcessMemory или WriteProcessMemory был выполнен только частично. (0x12B)
[0406/161138.568:ERROR:process_memory_win.cc(73)] ReadMemory at 0x2085749000 of 6024 bytes failed: Запрос ReadProcessMemory или WriteProcessMemory был выполнен только частично. (0x12B)
[0406/161138.568:ERROR:process_memory_win.cc(73)] ReadMemory at 0x208574b000 of 6024 bytes failed: Запрос ReadProcessMemory или WriteProcessMemory был выполнен только частично. (0x12B)
[0406/161138.568:ERROR:process_memory_win.cc(73)] ReadMemory at 0x208574d000 of 6024 bytes failed: Запрос ReadProcessMemory или WriteProcessMemory был выполнен только частично. (0x12B)
[0406/161138.568:ERROR:process_memory_win.cc(73)] ReadMemory at 0x208574f000 of 6024 bytes failed: Запрос ReadProcessMemory или WriteProcessMemory был выполнен только частично. (0x12B)
[0406/161138.568:ERROR:process_memory_win.cc(73)] ReadMemory at 0x2085751000 of 6024 bytes failed: Запрос ReadProcessMemory или WriteProcessMemory был выполнен только частично. (0x12B)
[0406/161138.568:ERROR:process_memory_win.cc(73)] ReadMemory at 0x2085753000 of 6024 bytes failed: Запрос ReadProcessMemory или WriteProcessMemory был выполнен только частично. (0x12B)
[0406/161138.569:ERROR:process_memory_win.cc(73)] ReadMemory at 0x208575b000 of 6024 bytes failed: Запрос ReadProcessMemory или WriteProcessMemory был выполнен только частично. (0x12B)
[0406/161138.569:ERROR:process_memory_win.cc(73)] ReadMemory at 0x20b74f00810 of 60 bytes failed: Запрос ReadProcessMemory или WriteProcessMemory был выполнен только частично. (0x12B)
[0406/161138.569:ERROR:process_memory_win.cc(73)] ReadMemory at 0x20b74f00fe0 of 6986 bytes failed: Запрос ReadProcessMemory или WriteProcessMemory был выполнен только частично. (0x12B)
[0406/161138.569:ERROR:process_memory_win.cc(73)] ReadMemory at 0x20b74f02b40 of 1012 bytes failed: Запрос ReadProcessMemory или WriteProcessMemory был выполнен только частично. (0x12B)
[0406/161138.569:ERROR:process_memory_win.cc(73)] ReadMemory at 0x20b74f03188 of 118 bytes failed: Запрос ReadProcessMemory или WriteProcessMemory был выполнен только частично. (0x12B)
[0406/161138.569:ERROR:process_memory_win.cc(73)] ReadMemory at 0x20b74f03200 of 1292 bytes failed: Запрос ReadProcessMemory или WriteProcessMemory был выполнен только частично. (0x12B)
[0406/161138.569:ERROR:process_memory_win.cc(73)] ReadMemory at 0x20b74f0370e of 118 bytes failed: Запрос ReadProcessMemory или WriteProcessMemory был выполнен только частично. (0x12B)
[0406/161138.569:ERROR:process_memory_win.cc(73)] ReadMemory at 0x20b74f03786 of 100 bytes failed: Запрос ReadProcessMemory или WriteProcessMemory был выполнен только частично. (0x12B)
[0406/161138.569:ERROR:process_memory_win.cc(73)] ReadMemory at 0x20b74f03800 of 58 bytes failed: Запрос ReadProcessMemory или WriteProcessMemory был выполнен только частично. (0x12B)
[0406/161138.569:ERROR:process_memory_win.cc(73)] ReadMemory at 0x20b74f03900 of 132 bytes failed: Запрос ReadProcessMemory или WriteProcessMemory был выполнен только частично. (0x12B)
[0406/161138.569:ERROR:process_memory_win.cc(73)] ReadMemory at 0x20b74f03a90 of 132 bytes failed: Запрос ReadProcessMemory или WriteProcessMemory был выполнен только частично. (0x12B)
[0406/161138.569:ERROR:process_memory_win.cc(73)] ReadMemory at 0x20b74f03c50 of 126 bytes failed: Запрос ReadProcessMemory или WriteProcessMemory был выполнен только частично. (0x12B)
[0406/161138.569:ERROR:process_memory_win.cc(73)] ReadMemory at 0x20b74f03f40 of 132 bytes failed: Запрос ReadProcessMemory или WriteProcessMemory был выполнен только частично. (0x12B)
[0406/161138.569:ERROR:process_memory_win.cc(73)] ReadMemory at 0x20b74f044c0 of 132 bytes failed: Запрос ReadProcessMemory или WriteProcessMemory был выполнен только частично. (0x12B)
[0406/161138.569:ERROR:process_memory_win.cc(73)] ReadMemory at 0x20b74f04650 of 64 bytes failed: Запрос ReadProcessMemory или WriteProcessMemory был выполнен только частично. (0x12B)
[0406/161138.569:ERROR:process_memory_win.cc(73)] ReadMemory at 0x20b74f04840 of 132 bytes failed: Запрос ReadProcessMemory или WriteProcessMemory был выполнен только частично. (0x12B)
[0406/161138.570:ERROR:process_memory_win.cc(73)] ReadMemory at 0x20b74f04ab0 of 132 bytes failed: Запрос ReadProcessMemory или WriteProcessMemory был выполнен только частично. (0x12B)
[0406/161138.570:ERROR:process_memory_win.cc(73)] ReadMemory at 0x20b74f04c40 of 68 bytes failed: Запрос ReadProcessMemory или WriteProcessMemory был выполнен только частично. (0x12B)
[0406/161138.570:ERROR:process_memory_win.cc(73)] ReadMemory at 0x20b74f0df80 of 62 bytes failed: Запрос ReadProcessMemory или WriteProcessMemory был выполнен только частично. (0x12B)
[0406/161138.570:ERROR:process_memory_win.cc(73)] ReadMemory at 0x20b74f0ee50 of 146 bytes failed: Запрос ReadProcessMemory или WriteProcessMemory был выполнен только частично. (0x12B)
[0406/161138.570:ERROR:process_memory_win.cc(73)] ReadMemory at 0x20b74f0efc0 of 132 bytes failed: Запрос ReadProcessMemory или WriteProcessMemory был выполнен только частично. (0x12B)
[0406/161138.570:ERROR:process_memory_win.cc(73)] ReadMemory at 0x20b74f0f0f0 of 154 bytes failed: Запрос ReadProcessMemory или WriteProcessMemory был выполнен только частично. (0x12B)
[0406/161138.570:ERROR:process_memory_win.cc(73)] ReadMemory at 0x20b74f0f4b0 of 62 bytes failed: Запрос ReadProcessMemory или WriteProcessMemory был выполнен только частично. (0x12B)
[0406/161138.570:ERROR:process_memory_win.cc(73)] ReadMemory at 0x20b74f0f730 of 64 bytes failed: Запрос ReadProcessMemory или WriteProcessMemory был выполнен только частично. (0x12B)
[0406/161138.570:ERROR:process_memory_win.cc(73)] ReadMemory at 0x20b74f0f780 of 66 bytes failed: Запрос ReadProcessMemory или WriteProcessMemory был выполнен только частично. (0x12B)
[0406/161138.570:ERROR:process_memory_win.cc(73)] ReadMemory at 0x20b74f0f7d0 of 64 bytes failed: Запрос ReadProcessMemory или WriteProcessMemory был выполнен только частично. (0x12B)
[0406/161138.570:ERROR:process_memory_win.cc(73)] ReadMemory at 0x20b74f0f870 of 64 bytes failed: Запрос ReadProcessMemory или WriteProcessMemory был выполнен только частично. (0x12B)
[0406/161138.570:ERROR:process_memory_win.cc(73)] ReadMemory at 0x20b74f0f960 of 60 bytes failed: Запрос ReadProcessMemory или WriteProcessMemory был выполнен только частично. (0x12B)
[0406/161138.570:ERROR:process_memory_win.cc(73)] ReadMemory at 0x20b74f0f9b0 of 60 bytes failed: Запрос ReadProcessMemory или WriteProcessMemory был выполнен только частично. (0x12B)
[0406/161138.570:ERROR:process_memory_win.cc(73)] ReadMemory at 0x20b74f0fa50 of 62 bytes failed: Запрос ReadProcessMemory или WriteProcessMemory был выполнен только частично. (0x12B)
[0406/161138.570:ERROR:process_memory_win.cc(73)] ReadMemory at 0x20b74f1004c of 512 bytes failed: Запрос ReadProcessMemory или WriteProcessMemory был выполнен только частично. (0x12B)
[0406/161138.570:ERROR:process_memory_win.cc(73)] ReadMemory at 0x20b74f10550 of 132 bytes failed: Запрос ReadProcessMemory или WriteProcessMemory был выполнен только частично. (0x12B)
[0406/161138.570:ERROR:process_memory_win.cc(73)] ReadMemory at 0x20b74f10770 of 132 bytes failed: Запрос ReadProcessMemory или WriteProcessMemory был выполнен только частично. (0x12B)
[0406/161138.571:ERROR:process_memory_win.cc(73)] ReadMemory at 0x20b74f10ad0 of 132 bytes failed: Запрос ReadProcessMemory или WriteProcessMemory был выполнен только частично. (0x12B)
[0406/161138.571:ERROR:process_memory_win.cc(73)] ReadMemory at 0x20b74f11280 of 132 bytes failed: Запрос ReadProcessMemory или WriteProcessMemory был выполнен только частично. (0x12B)
[0406/161138.571:ERROR:process_memory_win.cc(73)] ReadMemory at 0x20b74f116a0 of 80 bytes failed: Запрос ReadProcessMemory или WriteProcessMemory был выполнен только частично. (0x12B)
[0406/161138.571:ERROR:process_memory_win.cc(73)] ReadMemory at 0x20b74f11d90 of 78 bytes failed: Запрос ReadProcessMemory или WriteProcessMemory был выполнен только частично. (0x12B)
[0406/161138.571:ERROR:process_memory_win.cc(73)] ReadMemory at 0x20b74f11df0 of 80 bytes failed: Запрос ReadProcessMemory или WriteProcessMemory был выполнен только частично. (0x12B)
[0406/161138.571:ERROR:process_memory_win.cc(73)] ReadMemory at 0x20b74f12450 of 76 bytes failed: Запрос ReadProcessMemory или WriteProcessMemory был выполнен только частично. (0x12B)
[0406/161138.571:ERROR:process_memory_win.cc(73)] ReadMemory at 0x20b74f12c20 of 62 bytes failed: Запрос ReadProcessMemory или WriteProcessMemory был выполнен только частично. (0x12B)
[0406/161138.571:ERROR:process_memory_win.cc(73)] ReadMemory at 0x20b74f12c70 of 66 bytes failed: Запрос ReadProcessMemory или WriteProcessMemory был выполнен только частично. (0x12B)
[0406/161138.571:ERROR:process_memory_win.cc(73)] ReadMemory at 0x20b74f12d10 of 64 bytes failed: Запрос ReadProcessMemory или WriteProcessMemory был выполнен только частично. (0x12B)
[0406/161138.571:ERROR:process_memory_win.cc(73)] ReadMemory at 0x20b74f12db0 of 62 bytes failed: Запрос ReadProcessMemory или WriteProcessMemory был выполнен только частично. (0x12B)
[0406/161138.571:ERROR:process_memory_win.cc(73)] ReadMemory at 0x20b74f12e50 of 62 bytes failed: Запрос ReadProcessMemory или WriteProcessMemory был выполнен только частично. (0x12B)
[0406/161138.571:ERROR:process_memory_win.cc(73)] ReadMemory at 0x20b74f12f90 of 64 bytes failed: Запрос ReadProcessMemory или WriteProcessMemory был выполнен только частично. (0x12B)
[0406/161138.571:ERROR:process_memory_win.cc(73)] ReadMemory at 0x20b74f12fe0 of 60 bytes failed: Запрос ReadProcessMemory или WriteProcessMemory был выполнен только частично. (0x12B)
[0406/161138.571:ERROR:process_memory_win.cc(73)] ReadMemory at 0x20b74f13260 of 60 bytes failed: Запрос ReadProcessMemory или WriteProcessMemory был выполнен только частично. (0x12B)
[0406/161138.571:ERROR:process_memory_win.cc(73)] ReadMemory at 0x20b74f13300 of 58 bytes failed: Запрос ReadProcessMemory или WriteProcessMemory был выполнен только частично. (0x12B)
[0406/161138.571:ERROR:process_memory_win.cc(73)] ReadMemory at 0x20b74f13350 of 62 bytes failed: Запрос ReadProcessMemory или WriteProcessMemory был выполнен только частично. (0x12B)
[0406/161138.571:ERROR:process_memory_win.cc(73)] ReadMemory at 0x20b74f133f0 of 60 bytes failed: Запрос ReadProcessMemory или WriteProcessMemory был выполнен только частично. (0x12B)
[0406/161138.572:ERROR:process_memory_win.cc(73)] ReadMemory at 0x20b74f13440 of 64 bytes failed: Запрос ReadProcessMemory или WriteProcessMemory был выполнен только частично. (0x12B)
[0406/161138.572:ERROR:process_memory_win.cc(73)] ReadMemory at 0x20b74f13620 of 64 bytes failed: Запрос ReadProcessMemory или WriteProcessMemory был выполнен только частично. (0x12B)
[0406/161138.572:ERROR:process_memory_win.cc(73)] ReadMemory at 0x20b74f13760 of 62 bytes failed: Запрос ReadProcessMemory или WriteProcessMemory был выполнен только частично. (0x12B)
[0406/161138.572:ERROR:process_memory_win.cc(73)] ReadMemory at 0x20b74f13850 of 62 bytes failed: Запрос ReadProcessMemory или WriteProcessMemory был выполнен только частично. (0x12B)
[0406/161138.572:ERROR:process_memory_win.cc(73)] ReadMemory at 0x20b74f139e0 of 64 bytes failed: Запрос ReadProcessMemory или WriteProcessMemory был выполнен только частично. (0x12B)
[0406/161138.572:ERROR:process_memory_win.cc(73)] ReadMemory at 0x20b74f13a30 of 62 bytes failed: Запрос ReadProcessMemory или WriteProcessMemory был выполнен только частично. (0x12B)
[0406/161138.572:ERROR:process_memory_win.cc(73)] ReadMemory at 0x20b74f13b20 of 62 bytes failed: Запрос ReadProcessMemory или WriteProcessMemory был выполнен только частично. (0x12B)
[0406/161138.572:ERROR:process_memory_win.cc(73)] ReadMemory at 0x20b74f13b70 of 60 bytes failed: Запрос ReadProcessMemory или WriteProcessMemory был выполнен только частично. (0x12B)
[0406/161138.572:ERROR:process_memory_win.cc(73)] ReadMemory at 0x20b74f14b30 of 54 bytes failed: Запрос ReadProcessMemory или WriteProcessMemory был выполнен только частично. (0x12B)
[0406/161138.572:ERROR:process_memory_win.cc(73)] ReadMemory at 0x20b74f15b10 of 132 bytes failed: Запрос ReadProcessMemory или WriteProcessMemory был выполнен только частично. (0x12B)
[0406/161138.572:ERROR:process_memory_win.cc(73)] ReadMemory at 0x20b74f16320 of 132 bytes failed: Запрос ReadProcessMemory или WriteProcessMemory был выполнен только частично. (0x12B)
[0406/161138.572:ERROR:process_memory_win.cc(73)] ReadMemory at 0x20b74f16d70 of 132 bytes failed: Запрос ReadProcessMemory или WriteProcessMemory был выполнен только частично. (0x12B)
[0406/161138.572:ERROR:process_memory_win.cc(73)] ReadMemory at 0x20b74f16ea0 of 132 bytes failed: Запрос ReadProcessMemory или WriteProcessMemory был выполнен только частично. (0x12B)
[0406/161138.572:ERROR:process_memory_win.cc(73)] ReadMemory at 0x20b74f18ab0 of 132 bytes failed: Запрос ReadProcessMemory или WriteProcessMemory был выполнен только частично. (0x12B)
[0406/161138.572:ERROR:process_memory_win.cc(73)] ReadMemory at 0x20b74f1a930 of 132 bytes failed: Запрос ReadProcessMemory или WriteProcessMemory был выполнен только частично. (0x12B)
[0406/161138.572:ERROR:process_memory_win.cc(73)] ReadMemory at 0x20b74f1aa60 of 132 bytes failed: Запрос ReadProcessMemory или WriteProcessMemory был выполнен только частично. (0x12B)
[0406/161138.572:ERROR:process_memory_win.cc(73)] ReadMemory at 0x20b74f1ab90 of 132 bytes failed: Запрос ReadProcessMemory или WriteProcessMemory был выполнен только частично. (0x12B)
[0406/161138.572:ERROR:process_memory_win.cc(73)] ReadMemory at 0x20b74f1acc0 of 132 bytes failed: Запрос ReadProcessMemory или WriteProcessMemory был выполнен только частично. (0x12B)
[0406/161138.573:ERROR:process_memory_win.cc(73)] ReadMemory at 0x20b74f1adf0 of 132 bytes failed: Запрос ReadProcessMemory или WriteProcessMemory был выполнен только частично. (0x12B)
[0406/161138.573:ERROR:process_memory_win.cc(73)] ReadMemory at 0x20b74f1af20 of 132 bytes failed: Запрос ReadProcessMemory или WriteProcessMemory был выполнен только частично. (0x12B)
[0406/161138.573:ERROR:process_memory_win.cc(73)] ReadMemory at 0x20b74f1b050 of 132 bytes failed: Запрос ReadProcessMemory или WriteProcessMemory был выполнен только частично. (0x12B)
[0406/161138.573:ERROR:process_memory_win.cc(73)] ReadMemory at 0x20b74f1b180 of 132 bytes failed: Запрос ReadProcessMemory или WriteProcessMemory был выполнен только частично. (0x12B)
[0406/161138.573:ERROR:process_memory_win.cc(73)] ReadMemory at 0x20b74f1b2b0 of 132 bytes failed: Запрос ReadProcessMemory или WriteProcessMemory был выполнен только частично. (0x12B)
[0406/161138.573:ERROR:process_memory_win.cc(73)] ReadMemory at 0x20b74f1b3e0 of 132 bytes failed: Запрос ReadProcessMemory или WriteProcessMemory был выполнен только частично. (0x12B)
[0406/161138.573:ERROR:process_memory_win.cc(73)] ReadMemory at 0x20b74f1b510 of 132 bytes failed: Запрос ReadProcessMemory или WriteProcessMemory был выполнен только частично. (0x12B)
[0406/161138.573:ERROR:process_memory_win.cc(73)] ReadMemory at 0x20b74f1b640 of 132 bytes failed: Запрос ReadProcessMemory или WriteProcessMemory был выполнен только частично. (0x12B)
[0406/161138.573:ERROR:process_memory_win.cc(73)] ReadMemory at 0x20b74f1be70 of 132 bytes failed: Запрос ReadProcessMemory или WriteProcessMemory был выполнен только частично. (0x12B)
[0406/161138.573:ERROR:process_memory_win.cc(73)] ReadMemory at 0x20b74f1bfa0 of 132 bytes failed: Запрос ReadProcessMemory или WriteProcessMemory был выполнен только частично. (0x12B)
[0406/161138.573:ERROR:process_memory_win.cc(73)] ReadMemory at 0x20b74f1c0d0 of 132 bytes failed: Запрос ReadProcessMemory или WriteProcessMemory был выполнен только частично. (0x12B)
[0406/161138.573:ERROR:process_memory_win.cc(73)] ReadMemory at 0x20b74f1c200 of 132 bytes failed: Запрос ReadProcessMemory или WriteProcessMemory был выполнен только частично. (0x12B)
[0406/161138.573:ERROR:process_memory_win.cc(73)] ReadMemory at 0x20b74f1c330 of 132 bytes failed: Запрос ReadProcessMemory или WriteProcessMemory был выполнен только частично. (0x12B)
[0406/161138.573:ERROR:process_memory_win.cc(73)] ReadMemory at 0x20b74f1c460 of 132 bytes failed: Запрос ReadProcessMemory или WriteProcessMemory был выполнен только частично. (0x12B)
[0406/161138.573:ERROR:process_memory_win.cc(73)] ReadMemory at 0x20b74f1c590 of 132 bytes failed: Запрос ReadProcessMemory или WriteProcessMemory был выполнен только частично. (0x12B)
[0406/161138.573:ERROR:process_memory_win.cc(73)] ReadMemory at 0x20b74f1c6c0 of 132 bytes failed: Запрос ReadProcessMemory или WriteProcessMemory был выполнен только частично. (0x12B)
[0406/161138.574:ERROR:process_memory_win.cc(73)] ReadMemory at 0x20b74f1ca50 of 132 bytes failed: Запрос ReadProcessMemory или WriteProcessMemory был выполнен только частично. (0x12B)
[0406/161138.574:ERROR:process_memory_win.cc(73)] ReadMemory at 0x20b74f1cb80 of 132 bytes failed: Запрос ReadProcessMemory или WriteProcessMemory был выполнен только частично. (0x12B)
[0406/161138.574:ERROR:process_memory_win.cc(73)] ReadMemory at 0x20b74f1cf10 of 132 bytes failed: Запрос ReadProcessMemory или WriteProcessMemory был выполнен только частично. (0x12B)
[0406/161138.574:ERROR:process_memory_win.cc(73)] ReadMemory at 0x20b74f1d040 of 132 bytes failed: Запрос ReadProcessMemory или WriteProcessMemory был выполнен только частично. (0x12B)
[0406/161138.574:ERROR:process_memory_win.cc(73)] ReadMemory at 0x20b74f1d170 of 132 bytes failed: Запрос ReadProcessMemory или WriteProcessMemory был выполнен только частично. (0x12B)
[0406/161138.574:ERROR:process_memory_win.cc(73)] ReadMemory at 0x20b74f1d2a0 of 132 bytes failed: Запрос ReadProcessMemory или WriteProcessMemory был выполнен только частично. (0x12B)
[0406/161138.574:ERROR:process_memory_win.cc(73)] ReadMemory at 0x20b74f1d3d0 of 132 bytes failed: Запрос ReadProcessMemory или WriteProcessMemory был выполнен только частично. (0x12B)
[0406/161138.574:ERROR:process_memory_win.cc(73)] ReadMemory at 0x20b74f1d500 of 132 bytes failed: Запрос ReadProcessMemory или WriteProcessMemory был выполнен только частично. (0x12B)
[0406/161138.574:ERROR:process_memory_win.cc(73)] ReadMemory at 0x20b74f1d630 of 132 bytes failed: Запрос ReadProcessMemory или WriteProcessMemory был выполнен только частично. (0x12B)
[0406/161138.574:ERROR:process_memory_win.cc(73)] ReadMemory at 0x20b74f1d760 of 132 bytes failed: Запрос ReadProcessMemory или WriteProcessMemory был выполнен только частично. (0x12B)
[0406/161138.574:ERROR:process_memory_win.cc(73)] ReadMemory at 0x20b74f1d890 of 132 bytes failed: Запрос ReadProcessMemory или WriteProcessMemory был выполнен только частично. (0x12B)
[0406/161138.574:ERROR:process_memory_win.cc(73)] ReadMemory at 0x20b74f1d9c0 of 132 bytes failed: Запрос ReadProcessMemory или WriteProcessMemory был выполнен только частично. (0x12B)
[0406/161138.574:ERROR:process_memory_win.cc(73)] ReadMemory at 0x20b74f1daf0 of 132 bytes failed: Запрос ReadProcessMemory или WriteProcessMemory был выполнен только частично. (0x12B)
[0406/161138.574:ERROR:process_memory_win.cc(73)] ReadMemory at 0x20b74f1dc20 of 132 bytes failed: Запрос ReadProcessMemory или WriteProcessMemory был выполнен только частично. (0x12B)
[0406/161138.574:ERROR:process_memory_win.cc(73)] ReadMemory at 0x20b74f31940 of 58 bytes failed: Запрос ReadProcessMemory или WriteProcessMemory был выполнен только частично. (0x12B)
[0406/161138.574:ERROR:process_memory_win.cc(73)] ReadMemory at 0x20b74f31990 of 60 bytes failed: Запрос ReadProcessMemory или WriteProcessMemory был выполнен только частично. (0x12B)
[0406/161138.575:ERROR:process_memory_win.cc(73)] ReadMemory at 0x20b74f319e0 of 62 bytes failed: Запрос ReadProcessMemory или WriteProcessMemory был выполнен только частично. (0x12B)
[0406/161138.575:ERROR:process_memory_win.cc(73)] ReadMemory at 0x20b74f31c60 of 66 bytes failed: Запрос ReadProcessMemory или WriteProcessMemory был выполнен только частично. (0x12B)
[0406/161138.575:ERROR:process_memory_win.cc(73)] ReadMemory at 0x20b74f31ee0 of 60 bytes failed: Запрос ReadProcessMemory или WriteProcessMemory был выполнен только частично. (0x12B)
[0406/161138.575:ERROR:process_memory_win.cc(73)] ReadMemory at 0x20b74f322f0 of 62 bytes failed: Запрос ReadProcessMemory или WriteProcessMemory был выполнен только частично. (0x12B)
[0406/161138.575:ERROR:process_memory_win.cc(73)] ReadMemory at 0x20b74f32340 of 62 bytes failed: Запрос ReadProcessMemory или WriteProcessMemory был выполнен только частично. (0x12B)
[0406/161138.575:ERROR:process_memory_win.cc(73)] ReadMemory at 0x20b74f32390 of 58 bytes failed: Запрос ReadProcessMemory или WriteProcessMemory был выполнен только частично. (0x12B)
[0406/161138.575:ERROR:process_memory_win.cc(73)] ReadMemory at 0x20b74f32480 of 64 bytes failed: Запрос ReadProcessMemory или WriteProcessMemory был выполнен только частично. (0x12B)
[0406/161138.575:ERROR:process_memory_win.cc(73)] ReadMemory at 0x20b74f324d0 of 58 bytes failed: Запрос ReadProcessMemory или WriteProcessMemory был выполнен только частично. (0x12B)
[0406/161138.575:ERROR:process_memory_win.cc(73)] ReadMemory at 0x20b74f445e0 of 512 bytes failed: Запрос ReadProcessMemory или WriteProcessMemory был выполнен только частично. (0x12B)
[0406/161138.575:ERROR:process_memory_win.cc(73)] ReadMemory at 0x20b74f4a070 of 512 bytes failed: Запрос ReadProcessMemory или WriteProcessMemory был выполнен только частично. (0x12B)
[0406/161138.575:ERROR:process_memory_win.cc(73)] ReadMemory at 0x20b75070000 of 384 bytes failed: Запрос ReadProcessMemory или WriteProcessMemory был выполнен только частично. (0x12B)
[0406/161138.575:ERROR:process_memory_win.cc(73)] ReadMemory at 0x20b750702e8 of 512 bytes failed: Запрос ReadProcessMemory или WriteProcessMemory был выполнен только частично. (0x12B)
[0406/161138.575:ERROR:process_memory_win.cc(73)] ReadMemory at 0x20b75071540 of 512 bytes failed: Запрос ReadProcessMemory или WriteProcessMemory был выполнен только частично. (0x12B)
[0406/161138.575:ERROR:process_memory_win.cc(73)] ReadMemory at 0x20b750725c0 of 512 bytes failed: Запрос ReadProcessMemory или WriteProcessMemory был выполнен только частично. (0x12B)
[0406/161138.575:ERROR:process_memory_win.cc(73)] ReadMemory at 0x20b75072a40 of 512 bytes failed: Запрос ReadProcessMemory или WriteProcessMemory был выполнен только частично. (0x12B)
[0406/161138.575:ERROR:process_memory_win.cc(73)] ReadMemory at 0x20b75185390 of 512 bytes failed: Запрос ReadProcessMemory или WriteProcessMemory был выполнен только частично. (0x12B)
[0406/161138.575:ERROR:process_memory_win.cc(73)] ReadMemory at 0x20b751972c0 of 512 bytes failed: Запрос ReadProcessMemory или WriteProcessMemory был выполнен только частично. (0x12B)
[0406/161138.576:ERROR:process_memory_win.cc(73)] ReadMemory at 0x20b751a07d0 of 712 bytes failed: Запрос ReadProcessMemory или WriteProcessMemory был выполнен только частично. (0x12B)
[0406/161138.576:ERROR:process_memory_win.cc(73)] ReadMemory at 0x20b751a9850 of 512 bytes failed: Запрос ReadProcessMemory или WriteProcessMemory был выполнен только частично. (0x12B)
[0406/161138.576:ERROR:process_memory_win.cc(73)] ReadMemory at 0x20b751adeb0 of 512 bytes failed: Запрос ReadProcessMemory или WriteProcessMemory был выполнен только частично. (0x12B)
[0406/161138.576:ERROR:process_memory_win.cc(73)] ReadMemory at 0x20b751da0f0 of 512 bytes failed: Запрос ReadProcessMemory или WriteProcessMemory был выполнен только частично. (0x12B)
[0406/161138.576:ERROR:process_memory_win.cc(73)] ReadMemory at 0x20b7524bed8 of 512 bytes failed: Запрос ReadProcessMemory или WriteProcessMemory был выполнен только частично. (0x12B)
[0406/161138.576:ERROR:process_memory_win.cc(73)] ReadMemory at 0x20b77430000 of 384 bytes failed: Запрос ReadProcessMemory или WriteProcessMemory был выполнен только частично. (0x12B)
[0406/161138.576:ERROR:process_memory_win.cc(73)] ReadMemory at 0x20b77450a10 of 544 bytes failed: Запрос ReadProcessMemory или WriteProcessMemory был выполнен только частично. (0x12B)
[0406/161138.576:ERROR:process_memory_win.cc(73)] ReadMemory at 0x20b77450f90 of 512 bytes failed: Запрос ReadProcessMemory или WriteProcessMemory был выполнен только частично. (0x12B)
[0406/161138.576:ERROR:process_memory_win.cc(73)] ReadMemory at 0x20b77a0f820 of 512 bytes failed: Запрос ReadProcessMemory или WriteProcessMemory был выполнен только частично. (0x12B)
[0406/161138.576:ERROR:process_memory_win.cc(73)] ReadMemory at 0x20b78c93340 of 512 bytes failed: Запрос ReadProcessMemory или WriteProcessMemory был выполнен только частично. (0x12B)
[0406/161138.576:ERROR:process_memory_win.cc(73)] ReadMemory at 0x20b78db8e78 of 512 bytes failed: Запрос ReadProcessMemory или WriteProcessMemory был выполнен только частично. (0x12B)
[0406/161138.576:ERROR:process_memory_win.cc(73)] ReadMemory at 0x20b7a17a660 of 512 bytes failed: Запрос ReadProcessMemory или WriteProcessMemory был выполнен только частично. (0x12B)
[0406/161138.576:ERROR:process_memory_win.cc(73)] ReadMemory at 0x3b8a7e1cff80 of 512 bytes failed: Запрос ReadProcessMemory или WriteProcessMemory был выполнен только частично. (0x12B)
[0406/161138.576:ERROR:process_memory_win.cc(73)] ReadMemory at 0x3b8a7e1d1780 of 512 bytes failed: Запрос ReadProcessMemory или WriteProcessMemory был выполнен только частично. (0x12B)
[0406/161138.576:ERROR:process_memory_win.cc(73)] ReadMemory at 0x3b8a7e1d2f80 of 512 bytes failed: Запрос ReadProcessMemory или WriteProcessMemory был выполнен только частично. (0x12B)
[0406/161138.576:ERROR:process_memory_win.cc(73)] ReadMemory at 0x3b8a7e1dbf80 of 512 bytes failed: Запрос ReadProcessMemory или WriteProcessMemory был выполнен только частично. (0x12B)
[0406/161138.576:ERROR:process_memory_win.cc(73)] ReadMemory at 0x3b8a7e1e2379 of 512 bytes failed: Запрос ReadProcessMemory или WriteProcessMemory был выполнен только частично. (0x12B)
[0406/161138.577:ERROR:process_memory_win.cc(73)] ReadMemory at 0x3b8a7e1e9bf8 of 512 bytes failed: Запрос ReadProcessMemory или WriteProcessMemory был выполнен только частично. (0x12B)
[0406/161138.577:ERROR:process_memory_win.cc(73)] ReadMemory at 0x3b8a7e237f80 of 512 bytes failed: Запрос ReadProcessMemory или WriteProcessMemory был выполнен только частично. (0x12B)
[0406/161138.577:ERROR:process_memory_win.cc(73)] ReadMemory at 0x3b8a7e267f80 of 512 bytes failed: Запрос ReadProcessMemory или WriteProcessMemory был выполнен только частично. (0x12B)
[0406/161138.577:ERROR:process_memory_win.cc(73)] ReadMemory at 0x3b8a7e4d7f80 of 512 bytes failed: Запрос ReadProcessMemory или WriteProcessMemory был выполнен только частично. (0x12B)
[0406/161138.577:ERROR:process_memory_win.cc(73)] ReadMemory at 0x3b8a7e4ebf80 of 512 bytes failed: Запрос ReadProcessMemory или WriteProcessMemory был выполнен только частично. (0x12B)
[0406/161138.577:ERROR:process_memory_win.cc(73)] ReadMemory at 0x7ffbaea885b7 of 512 bytes failed: Запрос ReadProcessMemory или WriteProcessMemory был выполнен только частично. (0x12B)
[0406/161138.577:ERROR:process_memory_win.cc(73)] ReadMemory at 0x7ffbaea88aa2 of 512 bytes failed: Запрос ReadProcessMemory или WriteProcessMemory был выполнен только частично. (0x12B)
[0406/161138.577:ERROR:process_memory_win.cc(73)] ReadMemory at 0x7ffbaea89179 of 512 bytes failed: Запрос ReadProcessMemory или WriteProcessMemory был выполнен только частично. (0x12B)
[0406/161138.577:ERROR:process_memory_win.cc(73)] ReadMemory at 0x7ffbb26142a8 of 512 bytes failed: Запрос ReadProcessMemory или WriteProcessMemory был выполнен только частично. (0x12B)
[0406/161138.577:ERROR:process_memory_win.cc(73)] ReadMemory at 0x7ffbb37f2988 of 512 bytes failed: Запрос ReadProcessMemory или WriteProcessMemory был выполнен только частично. (0x12B)
[0406/161138.577:ERROR:process_memory_win.cc(73)] ReadMemory at 0x7ffbb37f7548 of 512 bytes failed: Запрос ReadProcessMemory или WriteProcessMemory был выполнен только частично. (0x12B)
[0406/161138.577:ERROR:process_memory_win.cc(73)] ReadMemory at 0x7ffc1d978b43 of 512 bytes failed: Запрос ReadProcessMemory или WriteProcessMemory был выполнен только частично. (0x12B)
[0406/161138.577:ERROR:process_memory_win.cc(73)] ReadMemory at 0x7ffc1d97a7d9 of 512 bytes failed: Запрос ReadProcessMemory или WriteProcessMemory был выполнен только частично. (0x12B)
[0406/161138.577:ERROR:process_memory_win.cc(73)] ReadMemory at 0x7ffc1dbab720 of 512 bytes failed: Запрос ReadProcessMemory или WriteProcessMemory был выполнен только частично. (0x12B)
[0406/161138.577:ERROR:process_memory_win.cc(73)] ReadMemory at 0x7ffc1fdfc0c4 of 672 bytes failed: Запрос ReadProcessMemory или WriteProcessMemory был выполнен только частично. (0x12B)
[0406/161138.578:ERROR:process_memory_win.cc(73)] ReadMemory at 0x7ffc1fdfc6c4 of 512 bytes failed: Запрос ReadProcessMemory или WriteProcessMemory был выполнен только частично. (0x12B)
[0406/161138.578:ERROR:process_memory_win.cc(73)] ReadMemory at 0x7ffc1fdfc904 of 512 bytes failed: Запрос ReadProcessMemory или WriteProcessMemory был выполнен только частично. (0x12B)
[0406/161138.578:ERROR:process_memory_win.cc(73)] ReadMemory at 0x7ffc1fdff974 of 608 bytes failed: Запрос ReadProcessMemory или WriteProcessMemory был выполнен только частично. (0x12B)
[0406/161138.578:ERROR:process_memory_win.cc(73)] ReadMemory at 0x7ffc1fe8c428 of 18 bytes failed: Запрос ReadProcessMemory или WriteProcessMemory был выполнен только частично. (0x12B)
[0406/161138.578:ERROR:process_memory_win.cc(73)] ReadMemory at 0x7ffc1febf4f8 of 40 bytes failed: Запрос ReadProcessMemory или WriteProcessMemory был выполнен только частично. (0x12B)
[0406/161138.578:ERROR:process_memory_win.cc(73)] ReadMemory at 0x7ffc1febf978 of 48 bytes failed: Запрос ReadProcessMemory или WriteProcessMemory был выполнен только частично. (0x12B)
[0406/161138.578:ERROR:process_memory_win.cc(73)] ReadMemory at 0x7ffc1fec53c0 of 64 bytes failed: Запрос ReadProcessMemory или WriteProcessMemory был выполнен только частично. (0x12B)
[0406/161138.579:ERROR:scoped_process_suspend.cc(40)] NtResumeProcess: Попытка доступа к процессу, выполняющему процедуру завершения. (0xc000010a)
